<?xml version="1.0" encoding="UTF-8"?>
<testsuite xmlns:xsi="http://www.w3.org/2001/XMLSchema-instance" xsi:noNamespaceSchemaLocation="https://maven.apache.org/surefire/maven-surefire-plugin/xsd/surefire-test-report-3.0.xsd" version="3.0" name="back.ciriu.CiriuApplicationTests" time="6.865" tests="1" errors="0" skipped="0" failures="0">
  <properties>
[...]
</properties>
  <testcase name="contextLoads" classname="back.ciriu.CiriuApplicationTests" time="0.497">
    <system-out><![CDATA[19:31:59.666 [main] INFO org.springframework.test.context.support.AnnotationConfigContextLoaderUtils -- Could not detect default configuration classes for test class [back.ciriu.CiriuApplicationTests]: CiriuApplicationTests does not declare any static, non-private, non-final, nested classes annotated with @Configuration.
19:31:59.756 [main] INFO org.springframework.boot.test.context.SpringBootTestContextBootstrapper -- Found @SpringBootConfiguration back.ciriu.CiriuApplication for test class back.ciriu.CiriuApplicationTests
19:31:59.914 [main] INFO org.springframework.boot.devtools.restart.RestartApplicationListener -- Restart disabled due to context in which it is running

  .   ____          _            __ _ _
 /\\ / ___'_ __ _ _(_)_ __  __ _ \ \ \ \
( ( )\___ | '_ | '_| | '_ \/ _` | \ \ \ \
 \\/  ___)| |_)| | | | | || (_| |  ) ) ) )
  '  |____| .__|_| |_|_| |_\__, | / / / /
 =========|_|==============|___/=/_/_/_/
 :: Spring Boot ::                (v3.2.3)

2024-09-17T19:32:00.175-03:00  INFO 14248 --- [           main] back.ciriu.CiriuApplicationTests         : Starting CiriuApplicationTests using Java 17.0.8 with PID 14248 (started by Usuario in D:\Documentos\DANIEL\Programacion UTN\Tesis Ciriu\backEnd-Ciriu)
2024-09-17T19:32:00.178-03:00  INFO 14248 --- [           main] back.ciriu.CiriuApplicationTests         : No active profile set, falling back to 1 default profile: "default"
2024-09-17T19:32:01.227-03:00  INFO 14248 --- [           main] .s.d.r.c.RepositoryConfigurationDelegate : Bootstrapping Spring Data JPA repositories in DEFAULT mode.
2024-09-17T19:32:01.324-03:00  INFO 14248 --- [           main] .s.d.r.c.RepositoryConfigurationDelegate : Finished Spring Data repository scanning in 87 ms. Found 18 JPA repository interfaces.
2024-09-17T19:32:01.923-03:00  INFO 14248 --- [           main] o.hibernate.jpa.internal.util.LogHelper  : HHH000204: Processing PersistenceUnitInfo [name: default]
2024-09-17T19:32:01.988-03:00  INFO 14248 --- [           main] org.hibernate.Version                    : HHH000412: Hibernate ORM core version 6.4.4.Final
2024-09-17T19:32:02.025-03:00  INFO 14248 --- [           main] o.h.c.internal.RegionFactoryInitiator    : HHH000026: Second-level cache disabled
2024-09-17T19:32:02.312-03:00  INFO 14248 --- [           main] o.s.o.j.p.SpringPersistenceUnitInfo      : No LoadTimeWeaver setup: ignoring JPA class transformer
2024-09-17T19:32:02.344-03:00  INFO 14248 --- [           main] com.zaxxer.hikari.HikariDataSource       : HikariPool-1 - Starting...
2024-09-17T19:32:02.526-03:00  INFO 14248 --- [           main] com.zaxxer.hikari.pool.HikariPool        : HikariPool-1 - Added connection org.postgresql.jdbc.PgConnection@57b1ec84
2024-09-17T19:32:02.528-03:00  INFO 14248 --- [           main] com.zaxxer.hikari.HikariDataSource       : HikariPool-1 - Start completed.
2024-09-17T19:32:02.578-03:00  WARN 14248 --- [           main] org.hibernate.orm.deprecation            : HHH90000025: PostgreSQLDialect does not need to be specified explicitly using 'hibernate.dialect' (remove the property setting and it will be selected by default)
2024-09-17T19:32:03.880-03:00  INFO 14248 --- [           main] o.h.e.t.j.p.i.JtaPlatformInitiator       : HHH000489: No JTA platform available (set 'hibernate.transaction.jta.platform' to enable JTA platform integration)
2024-09-17T19:32:04.076-03:00  INFO 14248 --- [           main] j.LocalContainerEntityManagerFactoryBean : Initialized JPA EntityManagerFactory for persistence unit 'default'
2024-09-17T19:32:05.120-03:00  WARN 14248 --- [           main] JpaBaseConfiguration$JpaWebConfiguration : spring.jpa.open-in-view is enabled by default. Therefore, database queries may be performed during view rendering. Explicitly configure spring.jpa.open-in-view to disable this warning
2024-09-17T19:32:05.432-03:00  INFO 14248 --- [           main] o.s.s.web.DefaultSecurityFilterChain     : Will secure any request with [org.springframework.security.web.session.DisableEncodeUrlFilter@a89dec0, org.springframework.security.web.context.request.async.WebAsyncManagerIntegrationFilter@5e8f1db2, org.springframework.security.web.context.SecurityContextHolderFilter@4dfe5727, org.springframework.security.web.header.HeaderWriterFilter@2bcaec2e, org.springframework.web.filter.CorsFilter@64bb6ba7, org.springframework.security.web.authentication.logout.LogoutFilter@4dc23273, back.ciriu.security.JwtAuthenticationFilter@12830e23, org.springframework.security.web.savedrequest.RequestCacheAwareFilter@13617139, org.springframework.security.web.servletapi.SecurityContextHolderAwareRequestFilter@3c0becae, org.springframework.security.web.authentication.AnonymousAuthenticationFilter@571360b2, org.springframework.security.web.access.ExceptionTranslationFilter@67857a20, org.springframework.security.web.access.intercept.AuthorizationFilter@4c131823]
2024-09-17T19:32:05.849-03:00  INFO 14248 --- [           main] back.ciriu.CiriuApplicationTests         : Started CiriuApplicationTests in 5.947 seconds (process running for 6.905)
]]></system-out>
  </testcase>
</testsuite>